15:39:43,265 INFO  [Server] Starting JBoss (MX MicroKernel)...
15:39:43,281 INFO  [Server] Release ID: JBoss [Trinity] 4.2.3.GA (build: SVNTag=JBoss_4_2_3_GA date=200807181439)
15:39:43,281 DEBUG [Server] Using config: org.jboss.system.server.ServerConfigImpl@199f91c
15:39:43,281 DEBUG [Server] Server type: class org.jboss.system.server.ServerImpl
15:39:43,281 DEBUG [Server] Server loaded through: org.jboss.system.server.NoAnnotationURLClassLoader
15:39:43,281 DEBUG [Server] Boot URLs:
15:39:43,281 DEBUG [Server]   file:/C:/mywms/jboss-4.2.3.GA/lib/endorsed/jaxb-api.jar
15:39:43,281 DEBUG [Server]   file:/C:/mywms/jboss-4.2.3.GA/lib/endorsed/jboss-jaxrpc.jar
15:39:43,281 DEBUG [Server]   file:/C:/mywms/jboss-4.2.3.GA/lib/endorsed/jboss-jaxws-ext.jar
15:39:43,281 DEBUG [Server]   file:/C:/mywms/jboss-4.2.3.GA/lib/endorsed/jboss-jaxws.jar
15:39:43,281 DEBUG [Server]   file:/C:/mywms/jboss-4.2.3.GA/lib/endorsed/jboss-saaj.jar
15:39:43,281 DEBUG [Server]   file:/C:/mywms/jboss-4.2.3.GA/lib/endorsed/serializer.jar
15:39:43,281 DEBUG [Server]   file:/C:/mywms/jboss-4.2.3.GA/lib/endorsed/xalan.jar
15:39:43,281 DEBUG [Server]   file:/C:/mywms/jboss-4.2.3.GA/lib/endorsed/xercesImpl.jar
15:39:43,281 DEBUG [Server]   file:/C:/mywms/jboss-4.2.3.GA/lib/jboss-jmx.jar
15:39:43,281 DEBUG [Server]   file:/C:/mywms/jboss-4.2.3.GA/lib/concurrent.jar
15:39:43,281 DEBUG [Server]   file:/C:/mywms/jboss-4.2.3.GA/lib/log4j-boot.jar
15:39:43,281 DEBUG [Server]   file:/C:/mywms/jboss-4.2.3.GA/lib/jboss-common.jar
15:39:43,281 DEBUG [Server]   file:/C:/mywms/jboss-4.2.3.GA/lib/jboss-system.jar
15:39:43,281 DEBUG [Server]   file:/C:/mywms/jboss-4.2.3.GA/lib/jboss-xml-binding.jar
15:39:43,281 INFO  [Server] Home Dir: C:\mywms\jboss-4.2.3.GA
15:39:43,281 INFO  [Server] Home URL: file:/C:/mywms/jboss-4.2.3.GA/
15:39:43,281 DEBUG [Server] Library URL: file:/C:/mywms/jboss-4.2.3.GA/lib/
15:39:43,281 INFO  [Server] Patch URL: null
15:39:43,281 INFO  [Server] Server Name: default
15:39:43,281 INFO  [Server] Server Home Dir: C:\mywms\jboss-4.2.3.GA\server\default
15:39:43,281 INFO  [Server] Server Home URL: file:/C:/mywms/jboss-4.2.3.GA/server/default/
15:39:43,281 INFO  [Server] Server Log Dir: C:\mywms\jboss-4.2.3.GA\server\default\log
15:39:43,281 DEBUG [Server] Server Data Dir: C:\mywms\jboss-4.2.3.GA\server\default\data
15:39:43,281 INFO  [Server] Server Temp Dir: C:\mywms\jboss-4.2.3.GA\server\default\tmp
15:39:43,281 DEBUG [Server] Server Config URL: file:/C:/mywms/jboss-4.2.3.GA/server/default/conf/
15:39:43,281 DEBUG [Server] Server Library URL: file:/C:/mywms/jboss-4.2.3.GA/server/default/lib/
15:39:43,281 INFO  [Server] Root Deployment Filename: jboss-service.xml
15:39:43,281 DEBUG [Server] Starting General Purpose Architecture (GPA)...
15:39:43,500 DEBUG [Server] Created MBeanServer: org.jboss.mx.server.MBeanServerImpl@bb7759[ defaultDomain='jboss' ]
15:39:43,531 DEBUG [Server] Boot url list: [file:/C:/mywms/jboss-4.2.3.GA/server/default/conf/]
15:39:43,531 DEBUG [Server] Creating loader for URL: file:/C:/mywms/jboss-4.2.3.GA/server/default/conf/
15:39:43,531 DEBUG [RepositoryClassLoader] setRepository, repository=org.jboss.mx.loading.UnifiedLoaderRepository3@1126b07, cl=org.jboss.mx.loading.UnifiedClassLoader3@30d082{ url=file:/C:/mywms/jboss-4.2.3.GA/server/default/conf/ ,addedOrder=0}
15:39:43,531 DEBUG [RepositoryClassLoader] setRepository, repository=org.jboss.mx.loading.UnifiedLoaderRepository3@1126b07, cl=org.jboss.mx.loading.UnifiedClassLoader3@30d082{ url=file:/C:/mywms/jboss-4.2.3.GA/server/default/conf/ ,addedOrder=0}
15:39:43,531 DEBUG [UnifiedLoaderRepository3] Adding org.jboss.mx.loading.UnifiedClassLoader3@30d082{ url=file:/C:/mywms/jboss-4.2.3.GA/server/default/conf/ ,addedOrder=0}
15:39:43,671 DEBUG [Server] Failed to create xmbean for: org.jboss.system.server.ServerInfo
15:39:43,671 INFO  [ServerInfo] Java version: 1.6.0_45,Sun Microsystems Inc.
15:39:43,671 INFO  [ServerInfo] Java VM: Java HotSpot(TM) Client VM 20.45-b01,Sun Microsystems Inc.
15:39:43,671 INFO  [ServerInfo] OS-System: Windows XP 5.1,x86
15:39:43,671 DEBUG [ServerInfo] Full System Properties Dump
15:39:43,671 DEBUG [ServerInfo]     java.vendor: Sun Microsystems Inc.
15:39:43,671 DEBUG [ServerInfo]     sun.java.launcher: SUN_STANDARD
15:39:43,671 DEBUG [ServerInfo]     sun.management.compiler: HotSpot Client Compiler
15:39:43,671 DEBUG [ServerInfo]     os.name: Windows XP
15:39:43,671 DEBUG [ServerInfo]     sun.boot.class.path: C:/mywms/jboss-4.2.3.GA/bin/../lib/endorsed\jaxb-api.jar;C:/mywms/jboss-4.2.3.GA/bin/../lib/endorsed\jboss-jaxrpc.jar;C:/mywms/jboss-4.2.3.GA/bin/../lib/endorsed\jboss-jaxws-ext.jar;C:/mywms/jboss-4.2.3.GA/bin/../lib/endorsed\jboss-jaxws.jar;C:/mywms/jboss-4.2.3.GA/bin/../lib/endorsed\jboss-saaj.jar;C:/mywms/jboss-4.2.3.GA/bin/../lib/endorsed\serializer.jar;C:/mywms/jboss-4.2.3.GA/bin/../lib/endorsed\xalan.jar;C:/mywms/jboss-4.2.3.GA/bin/../lib/endorsed\xercesImpl.jar;C:\Archivos de programa\Java\jre6\lib\resources.jar;C:\Archivos de programa\Java\jre6\lib\rt.jar;C:\Archivos de programa\Java\jre6\lib\sunrsasign.jar;C:\Archivos de programa\Java\jre6\lib\jsse.jar;C:\Archivos de programa\Java\jre6\lib\jce.jar;C:\Archivos de programa\Java\jre6\lib\charsets.jar;C:\Archivos de programa\Java\jre6\lib\modules\jdk.boot.jar;C:\Archivos de programa\Java\jre6\classes
15:39:43,671 DEBUG [ServerInfo]     sun.desktop: windows
15:39:43,671 DEBUG [ServerInfo]     java.vm.specification.vendor: Sun Microsystems Inc.
15:39:43,671 DEBUG [ServerInfo]     java.runtime.version: 1.6.0_45-b06
15:39:43,671 DEBUG [ServerInfo]     user.name: BlackHat
15:39:43,671 DEBUG [ServerInfo]     jboss.bind.address: 127.0.0.1
15:39:43,671 DEBUG [ServerInfo]     jboss.home.dir: C:\mywms\jboss-4.2.3.GA
15:39:43,671 DEBUG [ServerInfo]     user.language: es
15:39:43,671 DEBUG [ServerInfo]     sun.boot.library.path: C:\Archivos de programa\Java\jre6\bin
15:39:43,671 DEBUG [ServerInfo]     jboss.home.url: file:/C:/mywms/jboss-4.2.3.GA/
15:39:43,671 DEBUG [ServerInfo]     java.version: 1.6.0_45
15:39:43,671 DEBUG [ServerInfo]     user.timezone: America/Bogota
15:39:43,671 DEBUG [ServerInfo]     jboss.server.home.dir: C:\mywms\jboss-4.2.3.GA\server\default
15:39:43,671 DEBUG [ServerInfo]     jgroups.bind_addr: 127.0.0.1
15:39:43,671 DEBUG [ServerInfo]     sun.arch.data.model: 32
15:39:43,671 DEBUG [ServerInfo]     java.endorsed.dirs: C:/mywms/jboss-4.2.3.GA/bin/../lib/endorsed
15:39:43,671 DEBUG [ServerInfo]     jboss.server.home.url: file:/C:/mywms/jboss-4.2.3.GA/server/default/
15:39:43,671 DEBUG [ServerInfo]     sun.cpu.isalist: pentium_pro+mmx pentium_pro pentium+mmx pentium i486 i386 i86
15:39:43,671 DEBUG [ServerInfo]     sun.jnu.encoding: Cp1252
15:39:43,671 DEBUG [ServerInfo]     file.encoding.pkg: sun.io
15:39:43,671 DEBUG [ServerInfo]     file.separator: \
15:39:43,671 DEBUG [ServerInfo]     java.specification.name: Java Platform API Specification
15:39:43,671 DEBUG [ServerInfo]     java.class.version: 50.0
15:39:43,671 DEBUG [ServerInfo]     jboss.server.config.url: file:/C:/mywms/jboss-4.2.3.GA/server/default/conf/
15:39:43,671 DEBUG [ServerInfo]     user.country: CO
15:39:43,671 DEBUG [ServerInfo]     java.home: C:\Archivos de programa\Java\jre6
15:39:43,671 DEBUG [ServerInfo]     java.vm.info: mixed mode
15:39:43,671 DEBUG [ServerInfo]     jboss.lib.url: file:/C:/mywms/jboss-4.2.3.GA/lib/
15:39:43,671 DEBUG [ServerInfo]     os.version: 5.1
15:39:43,671 DEBUG [ServerInfo]     path.separator: ;
15:39:43,671 DEBUG [ServerInfo]     java.vm.version: 20.45-b01
15:39:43,671 DEBUG [ServerInfo]     user.variant: 
15:39:43,671 DEBUG [ServerInfo]     java.protocol.handler.pkgs: org.jboss.net.protocol
15:39:43,671 DEBUG [ServerInfo]     java.awt.printerjob: sun.awt.windows.WPrinterJob
15:39:43,671 DEBUG [ServerInfo]     sun.io.unicode.encoding: UnicodeLittle
15:39:43,671 DEBUG [ServerInfo]     awt.toolkit: sun.awt.windows.WToolkit
15:39:43,671 DEBUG [ServerInfo]     jboss.server.temp.dir: C:\mywms\jboss-4.2.3.GA\server\default\tmp
15:39:43,671 DEBUG [ServerInfo]     user.home: C:\Documents and Settings\BlackHat
15:39:43,671 DEBUG [ServerInfo]     java.specification.vendor: Sun Microsystems Inc.
15:39:43,671 DEBUG [ServerInfo]     java.library.path: C:\Archivos de programa\Java\jre6\bin;C:\WINDOWS\Sun\Java\bin;C:\WINDOWS\system32;C:\WINDOWS;C:/Archivos de programa/Java/jre6/bin/client;C:/Archivos de programa/Java/jre6/bin;C:/Archivos de programa/Java/jre6/lib/i386;C:\WINDOWS\system32;C:\WINDOWS;C:\WINDOWS\System32\Wbem;C:\eclipse;;.
15:39:43,671 DEBUG [ServerInfo]     java.vendor.url: http://java.sun.com/
15:39:43,671 DEBUG [ServerInfo]     program.name: run.bat
15:39:43,671 DEBUG [ServerInfo]     java.vm.vendor: Sun Microsystems Inc.
15:39:43,671 DEBUG [ServerInfo]     java.runtime.name: Java(TM) SE Runtime Environment
15:39:43,671 DEBUG [ServerInfo]     sun.java.command: org.jboss.Main -c default
15:39:43,671 DEBUG [ServerInfo]     java.class.path: C:\mywms\jboss-4.2.3.GA\bin\run.jar
15:39:43,671 DEBUG [ServerInfo]     jboss.server.log.dir: C:\mywms\jboss-4.2.3.GA\server\default\log
15:39:43,671 DEBUG [ServerInfo]     jbossmx.loader.repository.class: org.jboss.mx.loading.UnifiedLoaderRepository3
15:39:43,671 DEBUG [ServerInfo]     java.vm.specification.name: Java Virtual Machine Specification
15:39:43,671 DEBUG [ServerInfo]     java.vm.specification.version: 1.0
15:39:43,671 DEBUG [ServerInfo]     sun.cpu.endian: little
15:39:43,671 DEBUG [ServerInfo]     sun.os.patch.level: Service Pack 3
15:39:43,671 DEBUG [ServerInfo]     jboss.server.lib.url: file:/C:/mywms/jboss-4.2.3.GA/server/default/lib/
15:39:43,671 DEBUG [ServerInfo]     java.io.tmpdir: C:\DOCUME~1\BlackHat\CONFIG~1\Temp\
15:39:43,671 DEBUG [ServerInfo]     java.vendor.url.bug: http://java.sun.com/cgi-bin/bugreport.cgi
15:39:43,671 DEBUG [ServerInfo]     jboss.server.data.dir: C:\mywms\jboss-4.2.3.GA\server\default\data
15:39:43,671 DEBUG [ServerInfo]     java.rmi.server.hostname: 127.0.0.1
15:39:43,671 DEBUG [ServerInfo]     os.arch: x86
15:39:43,671 DEBUG [ServerInfo]     java.awt.graphicsenv: sun.awt.Win32GraphicsEnvironment
15:39:43,671 DEBUG [ServerInfo]     java.ext.dirs: C:\Archivos de programa\Java\jre6\lib\ext;C:\WINDOWS\Sun\Java\lib\ext
15:39:43,671 DEBUG [ServerInfo]     user.dir: C:\mywms\jboss-4.2.3.GA\bin
15:39:43,671 DEBUG [ServerInfo]     line.separator: 

15:39:43,671 DEBUG [ServerInfo]     java.vm.name: Java HotSpot(TM) Client VM
15:39:43,671 DEBUG [ServerInfo]     jboss.server.base.dir: C:\mywms\jboss-4.2.3.GA\server
15:39:43,671 DEBUG [ServerInfo]     jboss.server.base.url: file:/C:/mywms/jboss-4.2.3.GA/server/
15:39:43,671 DEBUG [ServerInfo]     javax.management.builder.initial: org.jboss.mx.server.MBeanServerBuilderImpl
15:39:43,671 DEBUG [ServerInfo]     file.encoding: Cp1252
15:39:43,671 DEBUG [ServerInfo]     java.specification.version: 1.6
15:39:43,671 DEBUG [ServerInfo]     jboss.server.name: default
15:39:43,718 DEBUG [Server] Created system MBean: jboss.system:type=ServerInfo
15:39:43,718 DEBUG [Server] Failed to create xmbean for: org.jboss.system.ServiceController
15:39:43,734 DEBUG [ServiceController] Controller MBean online
15:39:43,734 DEBUG [Server] Created system MBean: jboss.system:service=ServiceController
15:39:43,843 DEBUG [Server] Created system XMBean: jboss.system:service=MainDeployer
15:39:43,843 DEBUG [ServiceController] Creating service jboss.system:service=MainDeployer
15:39:43,843 DEBUG [MainDeployer] Creating jboss.system:service=MainDeployer
15:39:44,203 DEBUG [MainDeployer] Created jboss.system:service=MainDeployer
15:39:44,203 DEBUG [ServiceController] Creating dependent components for: jboss.system:service=MainDeployer dependents are: []
15:39:44,203 DEBUG [ServiceController] starting service jboss.system:service=MainDeployer
15:39:44,203 DEBUG [MainDeployer] Starting jboss.system:service=MainDeployer
15:39:44,203 DEBUG [MainDeployer] Started jboss.system:service=MainDeployer
15:39:44,203 DEBUG [ServiceController] Starting dependent components for: jboss.system:service=MainDeployer dependent components: []
15:39:44,203 DEBUG [Server] Shutdown hook added
15:39:44,625 DEBUG [Server] Created system XMBean: jboss.system:service=JARDeployer
15:39:44,625 DEBUG [ServiceController] Creating service jboss.system:service=JARDeployer
15:39:44,625 DEBUG [JARDeployer] Creating jboss.system:service=JARDeployer
15:39:44,656 DEBUG [JARDeployer] Created jboss.system:service=JARDeployer
15:39:44,656 DEBUG [ServiceController] Creating dependent components for: jboss.system:service=JARDeployer dependents are: []
15:39:44,656 DEBUG [ServiceController] starting service jboss.system:service=JARDeployer
15:39:44,656 DEBUG [JARDeployer] Starting jboss.system:service=JARDeployer
15:39:44,656 DEBUG [MainDeployer] Adding deployer: org.jboss.deployment.JARDeployer@12884e0
15:39:44,656 DEBUG [SuffixOrderHelper] Static suffix exists; ignoring request for adding enhanced suffix: 700:.jar
15:39:44,656 DEBUG [JARDeployer] Started jboss.system:service=JARDeployer
15:39:44,656 DEBUG [ServiceController] Starting dependent components for: jboss.system:service=JARDeployer dependent components: []
15:39:44,718 DEBUG [Server] Created system XMBean: jboss.system:service=ServiceDeployer
15:39:44,718 DEBUG [ServiceController] Creating service jboss.system:service=ServiceDeployer
15:39:44,718 DEBUG [SARDeployer] Creating jboss.system:service=ServiceDeployer
15:39:44,718 DEBUG [SARDeployer] Created jboss.system:service=ServiceDeployer
15:39:44,718 DEBUG [ServiceController] Creating dependent components for: jboss.system:service=ServiceDeployer dependents are: []
15:39:44,718 DEBUG [ServiceController] starting service jboss.system:service=ServiceDeployer
15:39:44,718 DEBUG [SARDeployer] Starting jboss.system:service=ServiceDeployer
15:39:44,718 DEBUG [MainDeployer] Adding deployer: org.jboss.deployment.SARDeployer@491c4c
15:39:44,734 DEBUG [SARDeployer] Started jboss.system:service=ServiceDeployer
15:39:44,734 DEBUG [ServiceController] Starting dependent components for: jboss.system:service=ServiceDeployer dependent components: []
15:39:44,734 INFO  [Server] Core system initialized
15:39:44,765 DEBUG [MainDeployer] Starting deployment of package: file:/C:/mywms/jboss-4.2.3.GA/server/default/conf/jboss-service.xml
15:39:44,765 DEBUG [MainDeployer] Starting deployment (init step) of package at: file:/C:/mywms/jboss-4.2.3.GA/server/default/conf/jboss-service.xml
15:39:45,265 DEBUG [MainDeployer] Copying file:/C:/mywms/jboss-4.2.3.GA/server/default/conf/jboss-service.xml -> C:\mywms\jboss-4.2.3.GA\server\default\tmp\deploy\tmp5112738898340930001jboss-service.xml
15:39:45,296 DEBUG [MainDeployer] using deployer org.jboss.deployment.SARDeployer@491c4c
15:39:45,328 DEBUG [SARDeployer] Found classpath element: [classpath: null]
15:39:45,343 DEBUG [SARDeployer] codebase URL is file:/C:/mywms/jboss-4.2.3.GA/server/default/lib/
15:39:45,343 DEBUG [SARDeployer] listing codebase for archives matching *
15:39:45,343 DEBUG [SARDeployer] URLLister class is org.jboss.net.protocol.file.FileURLLister
15:39:45,343 DEBUG [SARDeployer] deployed classes for file:/C:/mywms/jboss-4.2.3.GA/server/default/lib/activation.jar
15:39:45,343 DEBUG [SARDeployer] deployed classes for file:/C:/mywms/jboss-4.2.3.GA/server/default/lib/antlr.jar
15:39:45,343 DEBUG [SARDeployer] deployed classes for file:/C:/mywms/jboss-4.2.3.GA/server/default/lib/autonumber-plugin.jar
15:39:45,343 DEBUG [SARDeployer] deployed classes for file:/C:/mywms/jboss-4.2.3.GA/server/default/lib/bcel.jar
15:39:45,343 DEBUG [SARDeployer] deployed classes for file:/C:/mywms/jboss-4.2.3.GA/server/default/lib/bindingservice-plugin.jar
15:39:45,343 DEBUG [SARDeployer] deployed classes for file:/C:/mywms/jboss-4.2.3.GA/server/default/lib/bsf.jar
15:39:45,343 DEBUG [SARDeployer] deployed classes for file:/C:/mywms/jboss-4.2.3.GA/server/default/lib/bsh-deployer.jar
15:39:45,343 DEBUG [SARDeployer] deployed classes for file:/C:/mywms/jboss-4.2.3.GA/server/default/lib/bsh.jar
15:39:45,343 DEBUG [SARDeployer] deployed classes for file:/C:/mywms/jboss-4.2.3.GA/server/default/lib/cglib.jar
15:39:45,343 DEBUG [SARDeployer] deployed classes for file:/C:/mywms/jboss-4.2.3.GA/server/default/lib/commons-codec.jar
15:39:45,343 DEBUG [SARDeployer] deployed classes for file:/C:/mywms/jboss-4.2.3.GA/server/default/lib/commons-collections.jar
15:39:45,343 DEBUG [SARDeployer] deployed classes for file:/C:/mywms/jboss-4.2.3.GA/server/default/lib/commons-httpclient.jar
15:39:45,343 DEBUG [SARDeployer] deployed classes for file:/C:/mywms/jboss-4.2.3.GA/server/default/lib/commons-logging.jar
15:39:45,343 DEBUG [SARDeployer] deployed classes for file:/C:/mywms/jboss-4.2.3.GA/server/default/lib/dom4j.jar
15:39:45,343 DEBUG [SARDeployer] deployed classes for file:/C:/mywms/jboss-4.2.3.GA/server/default/lib/ejb3-persistence.jar
15:39:45,343 DEBUG [SARDeployer] deployed classes for file:/C:/mywms/jboss-4.2.3.GA/server/default/lib/el-api.jar
15:39:45,343 DEBUG [SARDeployer] deployed classes for file:/C:/mywms/jboss-4.2.3.GA/server/default/lib/hibernate-annotations.jar
15:39:45,343 DEBUG [SARDeployer] deployed classes for file:/C:/mywms/jboss-4.2.3.GA/server/default/lib/hibernate-entitymanager.jar
15:39:45,343 DEBUG [SARDeployer] deployed classes for file:/C:/mywms/jboss-4.2.3.GA/server/default/lib/hibernate3.jar
15:39:45,343 DEBUG [SARDeployer] deployed classes for file:/C:/mywms/jboss-4.2.3.GA/server/default/lib/hsqldb-plugin.jar
15:39:45,343 DEBUG [SARDeployer] deployed classes for file:/C:/mywms/jboss-4.2.3.GA/server/default/lib/hsqldb.jar
15:39:45,343 DEBUG [SARDeployer] deployed classes for file:/C:/mywms/jboss-4.2.3.GA/server/default/lib/javassist.jar
15:39:45,343 DEBUG [SARDeployer] deployed classes for file:/C:/mywms/jboss-4.2.3.GA/server/default/lib/jaxen.jar
15:39:45,343 DEBUG [SARDeployer] deployed classes for file:/C:/mywms/jboss-4.2.3.GA/server/default/lib/jboss-common-jdbc-wrapper.jar
15:39:45,343 DEBUG [SARDeployer] deployed classes for file:/C:/mywms/jboss-4.2.3.GA/server/default/lib/jboss-ejb3x.jar
15:39:45,343 DEBUG [SARDeployer] deployed classes for file:/C:/mywms/jboss-4.2.3.GA/server/default/lib/jboss-hibernate.jar
15:39:45,343 DEBUG [SARDeployer] deployed classes for file:/C:/mywms/jboss-4.2.3.GA/server/default/lib/jboss-iiop.jar
15:39:45,343 DEBUG [SARDeployer] deployed classes for file:/C:/mywms/jboss-4.2.3.GA/server/default/lib/jboss-j2ee.jar
15:39:45,343 DEBUG [SARDeployer] deployed classes for file:/C:/mywms/jboss-4.2.3.GA/server/default/lib/jboss-jaxrpc.jar
15:39:45,343 DEBUG [SARDeployer] deployed classes for file:/C:/mywms/jboss-4.2.3.GA/server/default/lib/jboss-jaxws-ext.jar
15:39:45,343 DEBUG [SARDeployer] deployed classes for file:/C:/mywms/jboss-4.2.3.GA/server/default/lib/jboss-jaxws.jar
15:39:45,343 DEBUG [SARDeployer] deployed classes for file:/C:/mywms/jboss-4.2.3.GA/server/default/lib/jboss-jca.jar
15:39:45,343 DEBUG [SARDeployer] deployed classes for file:/C:/mywms/jboss-4.2.3.GA/server/default/lib/jboss-jsr77.jar
15:39:45,343 DEBUG [SARDeployer] deployed classes for file:/C:/mywms/jboss-4.2.3.GA/server/default/lib/jboss-jsr88.jar
15:39:45,343 DEBUG [SARDeployer] deployed classes for file:/C:/mywms/jboss-4.2.3.GA/server/default/lib/jboss-management.jar
15:39:45,343 DEBUG [SARDeployer] deployed classes for file:/C:/mywms/jboss-4.2.3.GA/server/default/lib/jboss-monitoring.jar
15:39:45,343 DEBUG [SARDeployer] deployed classes for file:/C:/mywms/jboss-4.2.3.GA/server/default/lib/jboss-remoting-int.jar
15:39:45,343 DEBUG [SARDeployer] deployed classes for file:/C:/mywms/jboss-4.2.3.GA/server/default/lib/jboss-remoting.jar
15:39:45,359 DEBUG [SARDeployer] deployed classes for file:/C:/mywms/jboss-4.2.3.GA/server/default/lib/jboss-saaj.jar
15:39:45,359 DEBUG [SARDeployer] deployed classes for file:/C:/mywms/jboss-4.2.3.GA/server/default/lib/jboss-serialization.jar
15:39:45,359 DEBUG [SARDeployer] deployed classes for file:/C:/mywms/jboss-4.2.3.GA/server/default/lib/jboss-srp.jar
15:39:45,359 DEBUG [SARDeployer] deployed classes for file:/C:/mywms/jboss-4.2.3.GA/server/default/lib/jboss-transaction.jar
15:39:45,359 DEBUG [SARDeployer] deployed classes for file:/C:/mywms/jboss-4.2.3.GA/server/default/lib/jboss-vfs.jar
15:39:45,359 DEBUG [SARDeployer] deployed classes for file:/C:/mywms/jboss-4.2.3.GA/server/default/lib/jboss.jar
15:39:45,359 DEBUG [SARDeployer] deployed classes for file:/C:/mywms/jboss-4.2.3.GA/server/default/lib/jbossjta-integration.jar
15:39:45,359 DEBUG [SARDeployer] deployed classes for file:/C:/mywms/jboss-4.2.3.GA/server/default/lib/jbossjta.jar
15:39:45,359 DEBUG [SARDeployer] deployed classes for file:/C:/mywms/jboss-4.2.3.GA/server/default/lib/jbossmq.jar
15:39:45,359 DEBUG [SARDeployer] deployed classes for file:/C:/mywms/jboss-4.2.3.GA/server/default/lib/jbosssx.jar
15:39:45,359 DEBUG [SARDeployer] deployed classes for file:/C:/mywms/jboss-4.2.3.GA/server/default/lib/jbossts-common.jar
15:39:45,359 DEBUG [SARDeployer] deployed classes for file:/C:/mywms/jboss-4.2.3.GA/server/default/lib/jbossws-common.jar
15:39:45,359 DEBUG [SARDeployer] deployed classes for file:/C:/mywms/jboss-4.2.3.GA/server/default/lib/jbossws-framework.jar
15:39:45,359 DEBUG [SARDeployer] deployed classes for file:/C:/mywms/jboss-4.2.3.GA/server/default/lib/jbossws-jboss42.jar
15:39:45,359 DEBUG [SARDeployer] deployed classes for file:/C:/mywms/jboss-4.2.3.GA/server/default/lib/jbossws-spi.jar
15:39:45,359 DEBUG [SARDeployer] deployed classes for file:/C:/mywms/jboss-4.2.3.GA/server/default/lib/jmx-adaptor-plugin.jar
15:39:45,359 DEBUG [SARDeployer] deployed classes for file:/C:/mywms/jboss-4.2.3.GA/server/default/lib/jnpserver.jar
15:39:45,359 DEBUG [SARDeployer] deployed classes for file:/C:/mywms/jboss-4.2.3.GA/server/default/lib/joesnmp.jar
15:39:45,359 DEBUG [SARDeployer] deployed classes for file:/C:/mywms/jboss-4.2.3.GA/server/default/lib/jsp-api.jar
15:39:45,359 DEBUG [SARDeployer] deployed classes for file:/C:/mywms/jboss-4.2.3.GA/server/default/lib/log4j-snmp-appender.jar
15:39:45,359 DEBUG [SARDeployer] deployed classes for file:/C:/mywms/jboss-4.2.3.GA/server/default/lib/log4j.jar
15:39:45,359 DEBUG [SARDeployer] deployed classes for file:/C:/mywms/jboss-4.2.3.GA/server/default/lib/mail-plugin.jar
15:39:45,359 DEBUG [SARDeployer] deployed classes for file:/C:/mywms/jboss-4.2.3.GA/server/default/lib/mail.jar
15:39:45,359 DEBUG [SARDeployer] deployed classes for file:/C:/mywms/jboss-4.2.3.GA/server/default/lib/ojdbc14.jar
15:39:45,359 DEBUG [SARDeployer] deployed classes for file:/C:/mywms/jboss-4.2.3.GA/server/default/lib/postgresql-9.1-901.jdbc3.jar
15:39:45,359 DEBUG [SARDeployer] deployed classes for file:/C:/mywms/jboss-4.2.3.GA/server/default/lib/properties-plugin.jar
15:39:45,359 DEBUG [SARDeployer] deployed classes for file:/C:/mywms/jboss-4.2.3.GA/server/default/lib/quartz.jar
15:39:45,359 DEBUG [SARDeployer] deployed classes for file:/C:/mywms/jboss-4.2.3.GA/server/default/lib/scheduler-plugin-example.jar
15:39:45,359 DEBUG [SARDeployer] deployed classes for file:/C:/mywms/jboss-4.2.3.GA/server/default/lib/scheduler-plugin.jar
15:39:45,359 DEBUG [SARDeployer] deployed classes for file:/C:/mywms/jboss-4.2.3.GA/server/default/lib/servlet-api.jar
15:39:45,359 DEBUG [SARDeployer] deployed classes for file:/C:/mywms/jboss-4.2.3.GA/server/default/lib/xmlentitymgr.jar
15:39:45,359 DEBUG [SARDeployer] about to copy 0 local directories
15:39:45,359 DEBUG [SARDeployer] looking for nested deployments in : file:/C:/mywms/jboss-4.2.3.GA/server/default/conf/jboss-service.xml
15:39:45,359 DEBUG [DeploymentInfo] createLoaderRepository from config: LoaderRepositoryConfig(repositoryName: JMImplementation:service=LoaderRepository,name=Default, repositoryClassName: null, configParserClassName: null, repositoryConfig: null)
15:39:45,359 DEBUG [RepositoryClassLoader] setRepository, repository=org.jboss.mx.loading.UnifiedLoaderRepository3@1126b07, cl=org.jboss.mx.loading.UnifiedClassLoader3@d85cc{ url=null ,addedOrder=0}
15:39:45,359 DEBUG [RepositoryClassLoader] setRepository, repository=org.jboss.mx.loading.UnifiedLoaderRepository3@1126b07, cl=org.jboss.mx.loading.UnifiedClassLoader3@d85cc{ url=null ,addedOrder=0}
15:39:45,359 DEBUG [UnifiedLoaderRepository3] Adding org.jboss.mx.loading.UnifiedClassLoader3@d85cc{ url=null ,addedOrder=0}
15:39:45,421 DEBUG [RepositoryClassLoader] Added url: file:/C:/mywms/jboss-4.2.3.GA/server/default/lib/activation.jar, to ucl: org.jboss.mx.loading.UnifiedClassLoader3@d85cc{ url=null ,addedOrder=2}
15:39:45,453 DEBUG [RepositoryClassLoader] Added url: file:/C:/mywms/jboss-4.2.3.GA/server/default/lib/antlr.jar, to ucl: org.jboss.mx.loading.UnifiedClassLoader3@d85cc{ url=null ,addedOrder=2}
15:39:45,453 DEBUG [RepositoryClassLoader] Added url: file:/C:/mywms/jboss-4.2.3.GA/server/default/lib/autonumber-plugin.jar, to ucl: org.jboss.mx.loading.UnifiedClassLoader3@d85cc{ url=null ,addedOrder=2}
15:39:45,546 DEBUG [RepositoryClassLoader] Added url: file:/C:/mywms/jboss-4.2.3.GA/server/default/lib/bcel.jar, to ucl: org.jboss.mx.loading.UnifiedClassLoader3@d85cc{ url=null ,addedOrder=2}
15:39:45,578 DEBUG [RepositoryClassLoader] Added url: file:/C:/mywms/jboss-4.2.3.GA/server/default/lib/bindingservice-plugin.jar, to ucl: org.jboss.mx.loading.UnifiedClassLoader3@d85cc{ url=null ,addedOrder=2}
15:39:45,593 DEBUG [RepositoryClassLoader] Added url: file:/C:/mywms/jboss-4.2.3.GA/server/default/lib/bsf.jar, to ucl: org.jboss.mx.loading.UnifiedClassLoader3@d85cc{ url=null ,addedOrder=2}
15:39:45,593 DEBUG [RepositoryClassLoader] Added url: file:/C:/mywms/jboss-4.2.3.GA/server/default/lib/bsh-deployer.jar, to ucl: org.jboss.mx.loading.UnifiedClassLoader3@d85cc{ url=null ,addedOrder=2}
15:39:45,625 DEBUG [RepositoryClassLoader] Added url: file:/C:/mywms/jboss-4.2.3.GA/server/default/lib/bsh.jar, to ucl: org.jboss.mx.loading.UnifiedClassLoader3@d85cc{ url=null ,addedOrder=2}
15:39:45,625 DEBUG [ClassLoaderUtils] Multiple class loaders found for pkg: 
15:39:45,687 DEBUG [RepositoryClassLoader] Added url: file:/C:/mywms/jboss-4.2.3.GA/server/default/lib/cglib.jar, to ucl: org.jboss.mx.loading.UnifiedClassLoader3@d85cc{ url=null ,addedOrder=2}
15:39:45,734 DEBUG [RepositoryClassLoader] Added url: file:/C:/mywms/jboss-4.2.3.GA/server/default/lib/commons-codec.jar, to ucl: org.jboss.mx.loading.UnifiedClassLoader3@d85cc{ url=null ,addedOrder=2}
15:39:45,796 DEBUG [RepositoryClassLoader] Added url: file:/C:/mywms/jboss-4.2.3.GA/server/default/lib/commons-collections.jar, to ucl: org.jboss.mx.loading.UnifiedClassLoader3@d85cc{ url=null ,addedOrder=2}
15:39:45,843 DEBUG [RepositoryClassLoader] Added url: file:/C:/mywms/jboss-4.2.3.GA/server/default/lib/commons-httpclient.jar, to ucl: org.jboss.mx.loading.UnifiedClassLoader3@d85cc{ url=null ,addedOrder=2}
15:39:45,843 DEBUG [RepositoryClassLoader] Added url: file:/C:/mywms/jboss-4.2.3.GA/server/default/lib/commons-logging.jar, to ucl: org.jboss.mx.loading.UnifiedClassLoader3@d85cc{ url=null ,addedOrder=2}
15:39:45,906 DEBUG [RepositoryClassLoader] Added url: file:/C:/mywms/jboss-4.2.3.GA/server/default/lib/dom4j.jar, to ucl: org.jboss.mx.loading.UnifiedClassLoader3@d85cc{ url=null ,addedOrder=2}
15:39:45,921 DEBUG [RepositoryClassLoader] Added url: file:/C:/mywms/jboss-4.2.3.GA/server/default/lib/ejb3-persistence.jar, to ucl: org.jboss.mx.loading.UnifiedClassLoader3@d85cc{ url=null ,addedOrder=2}
15:39:45,921 DEBUG [RepositoryClassLoader] Added url: file:/C:/mywms/jboss-4.2.3.GA/server/default/lib/el-api.jar, to ucl: org.jboss.mx.loading.UnifiedClassLoader3@d85cc{ url=null ,addedOrder=2}
15:39:46,000 DEBUG [RepositoryClassLoader] Added url: file:/C:/mywms/jboss-4.2.3.GA/server/default/lib/hibernate-annotations.jar, to ucl: org.jboss.mx.loading.UnifiedClassLoader3@d85cc{ url=null ,addedOrder=2}
15:39:46,062 DEBUG [RepositoryClassLoader] Added url: file:/C:/mywms/jboss-4.2.3.GA/server/default/lib/hibernate-entitymanager.jar, to ucl: org.jboss.mx.loading.UnifiedClassLoader3@d85cc{ url=null ,addedOrder=2}
15:39:46,250 DEBUG [RepositoryClassLoader] Added url: file:/C:/mywms/jboss-4.2.3.GA/server/default/lib/hibernate3.jar, to ucl: org.jboss.mx.loading.UnifiedClassLoader3@d85cc{ url=null ,addedOrder=2}
15:39:46,250 DEBUG [RepositoryClassLoader] Added url: file:/C:/mywms/jboss-4.2.3.GA/server/default/lib/hsqldb-plugin.jar, to ucl: org.jboss.mx.loading.UnifiedClassLoader3@d85cc{ url=null ,addedOrder=2}
15:39:46,328 DEBUG [RepositoryClassLoader] Added url: file:/C:/mywms/jboss-4.2.3.GA/server/default/lib/hsqldb.jar, to ucl: org.jboss.mx.loading.UnifiedClassLoader3@d85cc{ url=null ,addedOrder=2}
15:39:46,375 DEBUG [RepositoryClassLoader] Added url: file:/C:/mywms/jboss-4.2.3.GA/server/default/lib/javassist.jar, to ucl: org.jboss.mx.loading.UnifiedClassLoader3@d85cc{ url=null ,addedOrder=2}
15:39:46,453 DEBUG [RepositoryClassLoader] Added url: file:/C:/mywms/jboss-4.2.3.GA/server/default/lib/jaxen.jar, to ucl: org.jboss.mx.loading.UnifiedClassLoader3@d85cc{ url=null ,addedOrder=2}
15:39:46,453 DEBUG [RepositoryClassLoader] Added url: file:/C:/mywms/jboss-4.2.3.GA/server/default/lib/jboss-common-jdbc-wrapper.jar, to ucl: org.jboss.mx.loading.UnifiedClassLoader3@d85cc{ url=null ,addedOrder=2}
15:39:46,453 DEBUG [RepositoryClassLoader] Added url: file:/C:/mywms/jboss-4.2.3.GA/server/default/lib/jboss-ejb3x.jar, to ucl: org.jboss.mx.loading.UnifiedClassLoader3@d85cc{ url=null ,addedOrder=2}
15:39:46,453 DEBUG [RepositoryClassLoader] Added url: file:/C:/mywms/jboss-4.2.3.GA/server/default/lib/jboss-hibernate.jar, to ucl: org.jboss.mx.loading.UnifiedClassLoader3@d85cc{ url=null ,addedOrder=2}
15:39:46,484 DEBUG [RepositoryClassLoader] Added url: file:/C:/mywms/jboss-4.2.3.GA/server/default/lib/jboss-iiop.jar, to ucl: org.jboss.mx.loading.UnifiedClassLoader3@d85cc{ url=null ,addedOrder=2}
15:39:46,531 DEBUG [RepositoryClassLoader] Added url: file:/C:/mywms/jboss-4.2.3.GA/server/default/lib/jboss-j2ee.jar, to ucl: org.jboss.mx.loading.UnifiedClassLoader3@d85cc{ url=null ,addedOrder=2}
15:39:46,546 DEBUG [RepositoryClassLoader] Added url: file:/C:/mywms/jboss-4.2.3.GA/server/default/lib/jboss-jaxrpc.jar, to ucl: org.jboss.mx.loading.UnifiedClassLoader3@d85cc{ url=null ,addedOrder=2}
15:39:46,546 DEBUG [RepositoryClassLoader] Added url: file:/C:/mywms/jboss-4.2.3.GA/server/default/lib/jboss-jaxws-ext.jar, to ucl: org.jboss.mx.loading.UnifiedClassLoader3@d85cc{ url=null ,addedOrder=2}
15:39:46,546 DEBUG [RepositoryClassLoader] Added url: file:/C:/mywms/jboss-4.2.3.GA/server/default/lib/jboss-jaxws.jar, to ucl: org.jboss.mx.loading.UnifiedClassLoader3@d85cc{ url=null ,addedOrder=2}
15:39:46,562 DEBUG [RepositoryClassLoader] Added url: file:/C:/mywms/jboss-4.2.3.GA/server/default/lib/jboss-jca.jar, to ucl: org.jboss.mx.loading.UnifiedClassLoader3@d85cc{ url=null ,addedOrder=2}
15:39:46,562 DEBUG [RepositoryClassLoader] Added url: file:/C:/mywms/jboss-4.2.3.GA/server/default/lib/jboss-jsr77.jar, to ucl: org.jboss.mx.loading.UnifiedClassLoader3@d85cc{ url=null ,addedOrder=2}
15:39:46,578 DEBUG [RepositoryClassLoader] Added url: file:/C:/mywms/jboss-4.2.3.GA/server/default/lib/jboss-jsr88.jar, to ucl: org.jboss.mx.loading.UnifiedClassLoader3@d85cc{ url=null ,addedOrder=2}
15:39:46,578 DEBUG [RepositoryClassLoader] Added url: file:/C:/mywms/jboss-4.2.3.GA/server/default/lib/jboss-management.jar, to ucl: org.jboss.mx.loading.UnifiedClassLoader3@d85cc{ url=null ,addedOrder=2}
15:39:46,593 DEBUG [RepositoryClassLoader] Added url: file:/C:/mywms/jboss-4.2.3.GA/server/default/lib/jboss-monitoring.jar, to ucl: org.jboss.mx.loading.UnifiedClassLoader3@d85cc{ url=null ,addedOrder=2}
15:39:46,593 DEBUG [RepositoryClassLoader] Added url: file:/C:/mywms/jboss-4.2.3.GA/server/default/lib/jboss-remoting-int.jar, to ucl: org.jboss.mx.loading.UnifiedClassLoader3@d85cc{ url=null ,addedOrder=2}
15:39:46,656 DEBUG [RepositoryClassLoader] Added url: file:/C:/mywms/jboss-4.2.3.GA/server/default/lib/jboss-remoting.jar, to ucl: org.jboss.mx.loading.UnifiedClassLoader3@d85cc{ url=null ,addedOrder=2}
15:39:46,656 DEBUG [RepositoryClassLoader] Added url: file:/C:/mywms/jboss-4.2.3.GA/server/default/lib/jboss-saaj.jar, to ucl: org.jboss.mx.loading.UnifiedClassLoader3@d85cc{ url=null ,addedOrder=2}
15:39:46,687 DEBUG [RepositoryClassLoader] Added url: file:/C:/mywms/jboss-4.2.3.GA/server/default/lib/jboss-serialization.jar, to ucl: org.jboss.mx.loading.UnifiedClassLoader3@d85cc{ url=null ,addedOrder=2}
15:39:46,703 DEBUG [RepositoryClassLoader] Added url: file:/C:/mywms/jboss-4.2.3.GA/server/default/lib/jboss-srp.jar, to ucl: org.jboss.mx.loading.UnifiedClassLoader3@d85cc{ url=null ,addedOrder=2}
15:39:46,703 DEBUG [RepositoryClassLoader] Added url: file:/C:/mywms/jboss-4.2.3.GA/server/default/lib/jboss-transaction.jar, to ucl: org.jboss.mx.loading.UnifiedClassLoader3@d85cc{ url=null ,addedOrder=2}
15:39:46,718 DEBUG [RepositoryClassLoader] Added url: file:/C:/mywms/jboss-4.2.3.GA/server/default/lib/jboss-vfs.jar, to ucl: org.jboss.mx.loading.UnifiedClassLoader3@d85cc{ url=null ,addedOrder=2}
15:39:46,859 DEBUG [RepositoryClassLoader] Added url: file:/C:/mywms/jboss-4.2.3.GA/server/default/lib/jboss.jar, to ucl: org.jboss.mx.loading.UnifiedClassLoader3@d85cc{ url=null ,addedOrder=2}
15:39:46,859 DEBUG [RepositoryClassLoader] Added url: file:/C:/mywms/jboss-4.2.3.GA/server/default/lib/jbossjta-integration.jar, to ucl: org.jboss.mx.loading.UnifiedClassLoader3@d85cc{ url=null ,addedOrder=2}
15:39:46,890 DEBUG [RepositoryClassLoader] Added url: file:/C:/mywms/jboss-4.2.3.GA/server/default/lib/jbossjta.jar, to ucl: org.jboss.mx.loading.UnifiedClassLoader3@d85cc{ url=null ,addedOrder=2}
15:39:46,921 DEBUG [RepositoryClassLoader] Added url: file:/C:/mywms/jboss-4.2.3.GA/server/default/lib/jbossmq.jar, to ucl: org.jboss.mx.loading.UnifiedClassLoader3@d85cc{ url=null ,addedOrder=2}
15:39:46,937 DEBUG [RepositoryClassLoader] Added url: file:/C:/mywms/jboss-4.2.3.GA/server/default/lib/jbosssx.jar, to ucl: org.jboss.mx.loading.UnifiedClassLoader3@d85cc{ url=null ,addedOrder=2}
15:39:46,937 DEBUG [RepositoryClassLoader] Added url: file:/C:/mywms/jboss-4.2.3.GA/server/default/lib/jbossts-common.jar, to ucl: org.jboss.mx.loading.UnifiedClassLoader3@d85cc{ url=null ,addedOrder=2}
15:39:46,937 DEBUG [RepositoryClassLoader] Added url: file:/C:/mywms/jboss-4.2.3.GA/server/default/lib/jbossws-common.jar, to ucl: org.jboss.mx.loading.UnifiedClassLoader3@d85cc{ url=null ,addedOrder=2}
15:39:46,937 DEBUG [RepositoryClassLoader] Added url: file:/C:/mywms/jboss-4.2.3.GA/server/default/lib/jbossws-framework.jar, to ucl: org.jboss.mx.loading.UnifiedClassLoader3@d85cc{ url=null ,addedOrder=2}
15:39:46,937 DEBUG [RepositoryClassLoader] Added url: file:/C:/mywms/jboss-4.2.3.GA/server/default/lib/jbossws-jboss42.jar, to ucl: org.jboss.mx.loading.UnifiedClassLoader3@d85cc{ url=null ,addedOrder=2}
15:39:46,953 DEBUG [RepositoryClassLoader] Added url: file:/C:/mywms/jboss-4.2.3.GA/server/default/lib/jbossws-spi.jar, to ucl: org.jboss.mx.loading.UnifiedClassLoader3@d85cc{ url=null ,addedOrder=2}
15:39:46,953 DEBUG [RepositoryClassLoader] Added url: file:/C:/mywms/jboss-4.2.3.GA/server/default/lib/jmx-adaptor-plugin.jar, to ucl: org.jboss.mx.loading.UnifiedClassLoader3@d85cc{ url=null ,addedOrder=2}
15:39:46,953 DEBUG [RepositoryClassLoader] Added url: file:/C:/mywms/jboss-4.2.3.GA/server/default/lib/jnpserver.jar, to ucl: org.jboss.mx.loading.UnifiedClassLoader3@d85cc{ url=null ,addedOrder=2}
15:39:46,953 DEBUG [RepositoryClassLoader] Added url: file:/C:/mywms/jboss-4.2.3.GA/server/default/lib/joesnmp.jar, to ucl: org.jboss.mx.loading.UnifiedClassLoader3@d85cc{ url=null ,addedOrder=2}
15:39:46,953 DEBUG [RepositoryClassLoader] Added url: file:/C:/mywms/jboss-4.2.3.GA/server/default/lib/jsp-api.jar, to ucl: org.jboss.mx.loading.UnifiedClassLoader3@d85cc{ url=null ,addedOrder=2}
15:39:46,953 DEBUG [RepositoryClassLoader] Added url: file:/C:/mywms/jboss-4.2.3.GA/server/default/lib/log4j-snmp-appender.jar, to ucl: org.jboss.mx.loading.UnifiedClassLoader3@d85cc{ url=null ,addedOrder=2}
15:39:46,984 DEBUG [RepositoryClassLoader] Added url: file:/C:/mywms/jboss-4.2.3.GA/server/default/lib/log4j.jar, to ucl: org.jboss.mx.loading.UnifiedClassLoader3@d85cc{ url=null ,addedOrder=2}
15:39:46,984 DEBUG [RepositoryClassLoader] Added url: file:/C:/mywms/jboss-4.2.3.GA/server/default/lib/mail-plugin.jar, to ucl: org.jboss.mx.loading.UnifiedClassLoader3@d85cc{ url=null ,addedOrder=2}
15:39:47,000 DEBUG [RepositoryClassLoader] Added url: file:/C:/mywms/jboss-4.2.3.GA/server/default/lib/mail.jar, to ucl: org.jboss.mx.loading.UnifiedClassLoader3@d85cc{ url=null ,addedOrder=2}
15:39:47,125 DEBUG [RepositoryClassLoader] Added url: file:/C:/mywms/jboss-4.2.3.GA/server/default/lib/ojdbc14.jar, to ucl: org.jboss.mx.loading.UnifiedClassLoader3@d85cc{ url=null ,addedOrder=2}
15:39:47,187 DEBUG [RepositoryClassLoader] Added url: file:/C:/mywms/jboss-4.2.3.GA/server/default/lib/postgresql-9.1-901.jdbc3.jar, to ucl: org.jboss.mx.loading.UnifiedClassLoader3@d85cc{ url=null ,addedOrder=2}
15:39:47,187 DEBUG [RepositoryClassLoader] Added url: file:/C:/mywms/jboss-4.2.3.GA/server/default/lib/properties-plugin.jar, to ucl: org.jboss.mx.loading.UnifiedClassLoader3@d85cc{ url=null ,addedOrder=2}
15:39:47,218 DEBUG [RepositoryClassLoader] Added url: file:/C:/mywms/jboss-4.2.3.GA/server/default/lib/quartz.jar, to ucl: org.jboss.mx.loading.UnifiedClassLoader3@d85cc{ url=null ,addedOrder=2}
15:39:47,218 DEBUG [RepositoryClassLoader] Added url: file:/C:/mywms/jboss-4.2.3.GA/server/default/lib/scheduler-plugin-example.jar, to ucl: org.jboss.mx.loading.UnifiedClassLoader3@d85cc{ url=null ,addedOrder=2}
15:39:47,218 DEBUG [RepositoryClassLoader] Added url: file:/C:/mywms/jboss-4.2.3.GA/server/default/lib/scheduler-plugin.jar, to ucl: org.jboss.mx.loading.UnifiedClassLoader3@d85cc{ url=null ,addedOrder=2}
15:39:47,218 DEBUG [RepositoryClassLoader] Added url: file:/C:/mywms/jboss-4.2.3.GA/server/default/lib/servlet-api.jar, to ucl: org.jboss.mx.loading.UnifiedClassLoader3@d85cc{ url=null ,addedOrder=2}
15:39:47,218 DEBUG [RepositoryClassLoader] Added url: file:/C:/mywms/jboss-4.2.3.GA/server/default/lib/xmlentitymgr.jar, to ucl: org.jboss.mx.loading.UnifiedClassLoader3@d85cc{ url=null ,addedOrder=2}
15:39:47,218 DEBUG [MainDeployer] found 0 subpackages of file:/C:/mywms/jboss-4.2.3.GA/server/default/conf/jboss-service.xml
15:39:47,218 DEBUG [MainDeployer] Watching new file: file:/C:/mywms/jboss-4.2.3.GA/server/default/conf/jboss-service.xml
15:39:47,218 DEBUG [MainDeployer] create step for deployment file:/C:/mywms/jboss-4.2.3.GA/server/default/conf/jboss-service.xml
15:39:47,218 DEBUG [SARDeployer] Deploying SAR, create step: url file:/C:/mywms/jboss-4.2.3.GA/server/default/conf/jboss-service.xml
15:39:47,218 DEBUG [SARDeployer] Registering service UCL=jmx.loading:UCL=d85cc
15:39:47,218 DEBUG [ServiceCreator] About to create bean: jboss.management.local:j2eeType=J2EEDomain,name=Manager with code: org.jboss.management.j2ee.LocalJBossServerDomain
15:39:47,328 DEBUG [ServiceCreator] Created bean: jboss.management.local:j2eeType=J2EEDomain,name=Manager
15:39:47,328 DEBUG [ServiceConfigurator] MainDeployer set to jboss.system:service=MainDeployer in jboss.management.local:j2eeType=J2EEDomain,name=Manager
15:39:47,328 DEBUG [ServiceConfigurator] SARDeployer set to jboss.system:service=ServiceDeployer in jboss.management.local:j2eeType=J2EEDomain,name=Manager
15:39:47,328 DEBUG [ServiceConfigurator] EARDeployer set to jboss.j2ee:service=EARDeployer in jboss.management.local:j2eeType=J2EEDomain,name=Manager
15:39:47,328 DEBUG [ServiceConfigurator] EJBDeployer set to jboss.ejb:service=EJBDeployer in jboss.management.local:j2eeType=J2EEDomain,name=Manager
15:39:47,343 DEBUG [ServiceConfigurator] RARDeployer set to jboss.jca:service=RARDeployer in jboss.management.local:j2eeType=J2EEDomain,name=Manager
15:39:47,343 DEBUG [ServiceConfigurator] CMDeployer set to jboss.jca:service=ConnectionFactoryDeployer in jboss.management.local:j2eeType=J2EEDomain,name=Manager
15:39:47,343 DEBUG [ServiceConfigurator] WARDeployer set to jboss.web:service=WebServer in jboss.management.local:j2eeType=J2EEDomain,name=Manager
15:39:47,343 DEBUG [ServiceConfigurator] CARDeployer set to jboss.j2ee:service=ClientDeployer in jboss.management.local:j2eeType=J2EEDomain,name=Manager
15:39:47,343 DEBUG [ServiceConfigurator] MailService set to jboss:service=Mail in jboss.management.local:j2eeType=J2EEDomain,name=Manager
15:39:47,343 DEBUG [ServiceConfigurator] JMSService set to jboss.mq:service=DestinationManager in jboss.management.local:j2eeType=J2EEDomain,name=Manager
15:39:47,343 DEBUG [ServiceConfigurator] JNDIService set to jboss:service=Naming in jboss.management.local:j2eeType=J2EEDomain,name=Manager
15:39:47,343 DEBUG [ServiceConfigurator] JTAService set to jboss:service=TransactionManager in jboss.management.local:j2eeType=J2EEDomain,name=Manager
15:39:47,343 DEBUG [ServiceConfigurator] UserTransactionService set to jboss:service=ClientUserTransaction in jboss.management.local:j2eeType=J2EEDomain,name=Manager
15:39:47,343 DEBUG [ServiceConfigurator] RMI_IIOPService set to jboss:service=CorbaORB in jboss.management.local:j2eeType=J2EEDomain,name=Manager
15:39:47,343 DEBUG [ServiceCreator] About to create xmbean object: jboss:service=AttributePersistenceService with code: org.jboss.system.pm.AttributePersistenceService with descriptor: resource:xmdesc/AttributePersistenceService-xmbean.xml
15:39:47,375 DEBUG [ModelMBeanInvoker] Loaded persistence mgr: org.jboss.mx.persistence.ObjectStreamPersistenceManager
15:39:47,375 DEBUG [ObjectStreamPersistenceManager] load, resource:org.jboss.system.pm.AttributePersistenceService@16614e7
15:39:47,375 DEBUG [ObjectStreamPersistenceManager] Store file is: C:\mywms\jboss-4.2.3.GA\server\default\data\xmbean-attrs\AttributePersistenceService.ser
15:39:47,375 DEBUG [ServiceCreator] Created bean: jboss:service=AttributePersistenceService
15:39:47,375 DEBUG [ServiceCreator] About to create bean: jboss.system:service=ThreadPool with code: org.jboss.util.threadpool.BasicThreadPool
15:39:47,375 DEBUG [ServiceCreator] Created bean: jboss.system:service=ThreadPool
15:39:47,375 DEBUG [ServiceConfigurator] Name set to JBoss System Threads in jboss.system:service=ThreadPool
15:39:47,375 DEBUG [ServiceConfigurator] ThreadGroupName set to System Threads in jboss.system:service=ThreadPool
15:39:47,375 DEBUG [ServiceConfigurator] KeepAliveTime set to 60000 in jboss.system:service=ThreadPool
15:39:47,375 DEBUG [ServiceConfigurator] MaximumPoolSize set to 10 in jboss.system:service=ThreadPool
15:39:47,375 DEBUG [ServiceConfigurator] MaximumQueueSize set to 1000 in jboss.system:service=ThreadPool
15:39:47,390 DEBUG [ServiceConfigurator] BlockingMode set to run in jboss.system:service=ThreadPool
15:39:47,390 DEBUG [ServiceCreator] About to create xmbean object: jboss.system:type=Log4jService,service=Logging with code: org.jboss.logging.Log4jService with descriptor: resource:xmdesc/Log4jService-xmbean.xml
15:39:47,406 DEBUG [ServiceCreator] Created bean: jboss.system:type=Log4jService,service=Logging
15:39:47,406 DEBUG [ServiceConfigurator] ConfigurationURL set to resource:jboss-log4j.xml in jboss.system:type=Log4jService,service=Logging
15:39:47,406 DEBUG [ServiceConfigurator] Log4jQuietMode set to true in jboss.system:type=Log4jService,service=Logging
15:39:47,406 DEBUG [ServiceConfigurator] RefreshPeriod set to 60 in jboss.system:type=Log4jService,service=Logging
15:39:47,406 DEBUG [ServiceCreator] About to create bean: jboss.rmi:type=RMIClassLoader with code: org.jboss.util.property.jmx.SystemPropertyClassValue
15:39:47,406 DEBUG [ServiceCreator] Created bean: jboss.rmi:type=RMIClassLoader
15:39:47,406 DEBUG [ServiceConfigurator] Property set to java.rmi.server.RMIClassLoaderSpi in jboss.rmi:type=RMIClassLoader
15:39:47,406 DEBUG [ServiceConfigurator] ClassName set to org.jboss.system.JBossRMIClassLoader in jboss.rmi:type=RMIClassLoader
15:39:47,406 DEBUG [ServiceCreator] About to create bean: jboss:service=WebService with code: org.jboss.web.WebService
15:39:47,421 DEBUG [ServiceCreator] Created bean: jboss:service=WebService
15:39:47,421 DEBUG [ServiceConfigurator] BindAddress set to 127.0.0.1 in jboss:service=WebService
15:39:47,421 DEBUG [ServiceConfigurator] Port set to 8083 in jboss:service=WebService
15:39:47,421 DEBUG [ServiceConfigurator] Host set to 127.0.0.1 in jboss:service=WebService
15:39:47,421 DEBUG [ServiceConfigurator] DownloadServerClasses set to true in jboss:service=WebService
15:39:47,421 DEBUG [ServiceConfigurator] DownloadResources set to false in jboss:service=WebService
15:39:47,421 DEBUG [ServiceController] recording that jboss:service=WebService depends on jboss.system:service=ThreadPool
15:39:47,421 DEBUG [ServiceConfigurator] considering ThreadPool with object name jboss.system:service=ThreadPool
15:39:47,421 DEBUG [ServiceCreator] About to create xmbean object: jboss:service=NamingBeanImpl with code: org.jnp.server.NamingBeanImpl with descriptor: resource:xmdesc/NamingBean-xmbean.xml
15:39:47,453 DEBUG [ServiceCreator] Created bean: jboss:service=NamingBeanImpl
15:39:47,453 DEBUG [ServiceCreator] About to create xmbean object: jboss:service=Naming with code: org.jboss.naming.NamingService with descriptor: resource:xmdesc/NamingService-xmbean.xml
15:39:47,484 DEBUG [ModelMBeanInvoker] Ignoring obsolete legacy interceptor: org.jboss.mx.interceptor.PersistenceInterceptor2
15:39:47,484 DEBUG [ModelMBeanInvoker] Ignoring obsolete legacy interceptor: org.jboss.mx.interceptor.ModelMBeanInterceptor
15:39:47,484 DEBUG [ModelMBeanInvoker] Ignoring obsolete legacy interceptor: org.jboss.mx.interceptor.ObjectReferenceInterceptor
15:39:47,484 DEBUG [ServiceCreator] Created bean: jboss:service=Naming
15:39:47,484 DEBUG [ServiceConfigurator] CallByValue set to false in jboss:service=Naming
15:39:47,484 DEBUG [ServiceConfigurator] Port set to 1099 in jboss:service=Naming
15:39:47,484 DEBUG [ServiceConfigurator] BindAddress set to 127.0.0.1 in jboss:service=Naming
15:39:47,484 DEBUG [ServiceConfigurator] RmiPort set to 1098 in jboss:service=Naming
15:39:47,484 DEBUG [ServiceConfigurator] RmiBindAddress set to 127.0.0.1 in jboss:service=Naming
15:39:47,484 DEBUG [ServiceController] recording that jboss:service=Naming depends on jboss.system:service=ThreadPool
15:39:47,484 DEBUG [ServiceConfigurator] considering LookupPool with object name jboss.system:service=ThreadPool
15:39:47,500 DEBUG [ServiceController] recording that jboss:service=Naming depends on jboss:service=NamingBeanImpl
15:39:47,500 DEBUG [ServiceConfigurator] considering Naming with object name jboss:service=NamingBeanImpl
15:39:47,500 DEBUG [ServiceCreator] About to create xmbean object: jboss:service=JNDIView with code: org.jboss.naming.JNDIView with descriptor: resource:xmdesc/JNDIView-xmbean.xml
15:39:47,531 DEBUG [ServiceCreator] Created bean: jboss:service=JNDIView
15:39:47,531 DEBUG [ServiceConfigurator] HANamingService set to jboss:service=HAJNDI in jboss:service=JNDIView
15:39:47,531 DEBUG [ServiceCreator] About to create bean: jboss.security:service=SecurityConfig with code: org.jboss.security.plugins.SecurityConfig
15:39:47,531 DEBUG [ServiceCreator] Created bean: jboss.security:service=SecurityConfig
15:39:47,531 DEBUG [ServiceConfigurator] LoginConfig set to jboss.security:service=XMLLoginConfig in jboss.security:service=SecurityConfig
15:39:47,531 DEBUG [ServiceCreator] About to create bean: jboss.security:service=XMLLoginConfig with code: org.jboss.security.auth.login.XMLLoginConfig
15:39:47,546 DEBUG [ServiceCreator] Created bean: jboss.security:service=XMLLoginConfig
15:39:47,546 DEBUG [ServiceConfigurator] ConfigResource set to login-config.xml in jboss.security:service=XMLLoginConfig
15:39:47,546 DEBUG [ServiceCreator] About to create bean: jboss.security:service=JaasSecurityManager with code: org.jboss.security.plugins.JaasSecurityManagerService
15:39:47,562 DEBUG [ServiceCreator] Created bean: jboss.security:service=JaasSecurityManager
15:39:47,562 DEBUG [ServiceConfigurator] ServerMode set to true in jboss.security:service=JaasSecurityManager
15:39:47,562 DEBUG [ServiceConfigurator] SecurityManagerClassName set to org.jboss.security.plugins.JaasSecurityManager in jboss.security:service=JaasSecurityManager
15:39:47,562 DEBUG [ServiceConfigurator] DefaultUnauthenticatedPrincipal set to anonymous in jboss.security:service=JaasSecurityManager
15:39:47,562 DEBUG [ServiceConfigurator] DefaultCacheTimeout set to 1800 in jboss.security:service=JaasSecurityManager
15:39:47,562 DEBUG [ServiceConfigurator] DefaultCacheResolution set to 60 in jboss.security:service=JaasSecurityManager
15:39:47,562 DEBUG [ServiceConfigurator] DeepCopySubjectMode set to false in jboss.security:service=JaasSecurityManager
15:39:47,562 DEBUG [JaasSecurityManagerService] setDeepCopySubjectMode=false
15:39:47,562 DEBUG [ServiceCreator] About to create bean: jboss:service=XidFactory with code: org.jboss.tm.XidFactory
15:39:47,562 DEBUG [ServiceCreator] Created bean: jboss:service=XidFactory
15:39:47,562 DEBUG [ServiceConfigurator] Pad set to true in jboss:service=XidFactory
15:39:47,562 DEBUG [ServiceCreator] About to create bean: jboss:service=TransactionManager with code: com.arjuna.ats.jbossatx.jta.TransactionManagerService
15:39:47,609 DEBUG [ServiceCreator] Created bean: jboss:service=TransactionManager
15:39:47,609 DEBUG [ServiceConfigurator] TransactionTimeout set to 300 in jboss:service=TransactionManager
15:39:47,609 DEBUG [ServiceConfigurator] ObjectStoreDir set to C:\mywms\jboss-4.2.3.GA\server\default\data/tx-object-store in jboss:service=TransactionManager
15:39:47,609 DEBUG [ServiceCreator] About to create xmbean object: jboss:service=ClientUserTransaction with code: org.jboss.tm.usertx.server.ClientUserTransactionService with descriptor: resource:xmdesc/ClientUserTransaction-xmbean.xml
15:39:47,625 DEBUG [ServiceCreator] Created bean: jboss:service=ClientUserTransaction
15:39:47,625 DEBUG [ServiceCreator] About to create bean: jboss:service=proxyFactory,target=ClientUserTransactionFactory with code: org.jboss.invocation.jrmp.server.JRMPProxyFactory
15:39:47,625 DEBUG [ServiceCreator] Created bean: jboss:service=proxyFactory,target=ClientUserTransactionFactory
15:39:47,625 DEBUG [ServiceConfigurator] InvokerName set to jboss:service=invoker,type=unified in jboss:service=proxyFactory,target=ClientUserTransactionFactory
15:39:47,625 DEBUG [ServiceConfigurator] TargetName set to jboss:service=ClientUserTransaction in jboss:service=proxyFactory,target=ClientUserTransactionFactory
15:39:47,625 DEBUG [ServiceConfigurator] JndiName set to UserTransactionSessionFactory in jboss:service=proxyFactory,target=ClientUserTransactionFactory
15:39:47,625 DEBUG [ServiceConfigurator] ExportedInterface set to interface org.jboss.tm.usertx.interfaces.UserTransactionSessionFactory in jboss:service=proxyFactory,target=ClientUserTransactionFactory
15:39:47,640 DEBUG [ServiceConfigurator] ClientInterceptors set to [interceptors: null] in jboss:service=proxyFactory,target=ClientUserTransactionFactory
15:39:47,640 DEBUG [JRMPProxyFactory] added interceptor type: class org.jboss.proxy.ClientMethodInterceptor
15:39:47,640 DEBUG [JRMPProxyFactory] added interceptor type: class org.jboss.invocation.InvokerInterceptor
15:39:47,640 DEBUG [ServiceController] recording that jboss:service=proxyFactory,target=ClientUserTransactionFactory depends on jboss:service=invoker,type=unified
15:39:47,640 DEBUG [ServiceConfigurator] considering <anonymous> with object name jboss:service=invoker,type=unified
15:39:47,640 DEBUG [ServiceController] recording that jboss:service=ClientUserTransaction depends on jboss:service=proxyFactory,target=ClientUserTransactionFactory
15:39:47,640 DEBUG [ServiceConfigurator] considering <anonymous> with object name jboss:service=proxyFactory,target=ClientUserTransactionFactory
15:39:47,640 DEBUG [ServiceCreator] About to create bean: jboss:service=proxyFactory,target=ClientUserTransaction with code: org.jboss.invocation.jrmp.server.JRMPProxyFactory
15:39:47,640 DEBUG [ServiceCreator] Created bean: jboss:service=proxyFactory,target=ClientUserTransaction
15:39:47,640 DEBUG [ServiceConfigurator] InvokerName set to jboss:service=invoker,type=unified in jboss:service=proxyFactory,target=ClientUserTransaction
15:39:47,640 DEBUG [ServiceConfigurator] TargetName set to jboss:service=ClientUserTransaction in jboss:service=proxyFactory,target=ClientUserTransaction
15:39:47,640 DEBUG [ServiceConfigurator] ExportedInterface set to interface org.jboss.tm.usertx.interfaces.UserTransactionSession in jboss:service=proxyFactory,target=ClientUserTransaction
15:39:47,640 DEBUG [ServiceConfigurator] ClientInterceptors set to [interceptors: null] in jboss:service=proxyFactory,target=ClientUserTransaction
15:39:47,640 DEBUG [JRMPProxyFactory] added interceptor type: class org.jboss.proxy.ClientMethodInterceptor
15:39:47,640 DEBUG [JRMPProxyFactory] added interceptor type: class org.jboss.invocation.InvokerInterceptor
15:39:47,640 DEBUG [ServiceController] recording that jboss:service=proxyFactory,target=ClientUserTransaction depends on jboss:service=invoker,type=unified
15:39:47,640 DEBUG [ServiceConfigurator] considering <anonymous> with object name jboss:service=invoker,type=unified
15:39:47,640 DEBUG [ServiceController] recording that jboss:service=ClientUserTransaction depends on jboss:service=proxyFactory,target=ClientUserTransaction
15:39:47,640 DEBUG [ServiceConfigurator] considering TxProxyName with object name jboss:service=proxyFactory,target=ClientUserTransaction
15:39:47,640 DEBUG [ServiceCreator] About to create bean: jboss:service=invoker,type=unified with code: org.jboss.invocation.unified.server.UnifiedInvoker
15:39:47,656 DEBUG [ServiceCreator] Created bean: jboss:service=invoker,type=unified
15:39:47,656 DEBUG [ServiceController] recording that jboss:service=invoker,type=unified depends on jboss:service=TransactionManager
15:39:47,656 DEBUG [ServiceConfigurator] considering <anonymous> with object name jboss:service=TransactionManager
15:39:47,656 DEBUG [ServiceController] recording that jboss:service=invoker,type=unified depends on jboss.remoting:service=Connector,transport=socket
15:39:47,656 DEBUG [ServiceConfigurator] considering <anonymous> with object name jboss.remoting:service=Connector,transport=socket
15:39:47,656 DEBUG [ServiceCreator] About to create bean: jboss:service=invoker,type=jrmp with code: org.jboss.invocation.jrmp.server.JRMPInvoker
15:39:47,687 DEBUG [ServiceCreator] Created bean: jboss:service=invoker,type=jrmp
15:39:47,687 DEBUG [ServiceConfigurator] RMIObjectPort set to 4444 in jboss:service=invoker,type=jrmp
15:39:47,687 DEBUG [ServiceConfigurator] ServerAddress set to 127.0.0.1 in jboss:service=invoker,type=jrmp
15:39:47,687 DEBUG [ServiceController] recording that jboss:service=invoker,type=jrmp depends on jboss:service=TransactionManager
15:39:47,687 DEBUG [ServiceConfigurator] considering <anonymous> with object name jboss:service=TransactionManager
15:39:47,687 DEBUG [ServiceCreator] About to create bean: jboss:service=invoker,type=local with code: org.jboss.invocation.local.LocalInvoker
15:39:47,687 DEBUG [ServiceCreator] Created bean: jboss:service=invoker,type=local
15:39:47,687 DEBUG [ServiceController] recording that jboss:service=invoker,type=local depends on jboss:service=TransactionManager
15:39:47,687 DEBUG [ServiceConfigurator] considering <anonymous> with object name jboss:service=TransactionManager
15:39:47,687 DEBUG [ServiceCreator] About to create bean: jboss:service=invoker,type=pooled with code: org.jboss.invocation.pooled.server.PooledInvoker
15:39:47,703 DEBUG [ServiceCreator] Created bean: jboss:service=invoker,type=pooled
15:39:47,703 DEBUG [ServiceConfigurator] NumAcceptThreads set to 1 in jboss:service=invoker,type=pooled
15:39:47,703 DEBUG [ServiceConfigurator] MaxPoolSize set to 300 in jboss:service=invoker,type=pooled
15:39:47,703 DEBUG [ServiceConfigurator] ClientMaxPoolSize set to 300 in jboss:service=invoker,type=pooled
15:39:47,703 DEBUG [ServiceConfigurator] SocketTimeout set to 60000 in jboss:service=invoker,type=pooled
15:39:47,703 DEBUG [ServiceConfigurator] ServerBindAddress set to 127.0.0.1 in jboss:service=invoker,type=pooled
15:39:47,703 DEBUG [ServiceConfigurator] ServerBindPort set to 4445 in jboss:service=invoker,type=pooled
15:39:47,703 DEBUG [ServiceConfigurator] ClientConnectAddress set to 127.0.0.1 in jboss:service=invoker,type=pooled
15:39:47,703 DEBUG [ServiceConfigurator] ClientConnectPort set to 0 in jboss:service=invoker,type=pooled
15:39:47,703 DEBUG [ServiceConfigurator] ClientRetryCount set to 1 in jboss:service=invoker,type=pooled
15:39:47,703 DEBUG [ServiceConfigurator] EnableTcpNoDelay set to false in jboss:service=invoker,type=pooled
15:39:47,703 DEBUG [ServiceController] recording that jboss:service=invoker,type=pooled depends on jboss:service=TransactionManager
15:39:47,703 DEBUG [ServiceConfigurator] considering TransactionManagerService with object name jboss:service=TransactionManager
15:39:47,703 DEBUG [ServiceCreator] About to create bean: jboss.remoting:service=NetworkRegistry with code: org.jboss.remoting.network.NetworkRegistry
15:39:47,703 DEBUG [ServiceCreator] Created bean: jboss.remoting:service=NetworkRegistry
15:39:47,703 DEBUG [ServiceCreator] About to create bean: jboss.remoting:service=Connector,transport=socket with code: org.jboss.remoting.transport.Connector
15:39:47,718 DEBUG [ServiceCreator] Created bean: jboss.remoting:service=Connector,transport=socket
15:39:47,718 DEBUG [ServiceConfigurator] Configuration set to [config: null] in jboss.remoting:service=Connector,transport=socket
15:39:47,718 DEBUG [ServiceController] recording that jboss.remoting:service=Connector,transport=socket depends on jboss.remoting:service=NetworkRegistry
15:39:47,718 DEBUG [ServiceConfigurator] considering <anonymous> with object name jboss.remoting:service=NetworkRegistry
15:39:47,718 DEBUG [ServiceCreator] About to create bean: jboss.jdbc:service=metadata with code: org.jboss.ejb.plugins.cmp.jdbc.metadata.MetaDataLibrary
15:39:47,718 DEBUG [ServiceCreator] Created bean: jboss.jdbc:service=metadata
15:39:47,718 DEBUG [ServiceCreator] About to create bean: jboss.deployment:type=DeploymentScanner,flavor=URL with code: org.jboss.deployment.scanner.URLDeploymentScanner
15:39:47,734 DEBUG [ServiceCreator] Created bean: jboss.deployment:type=DeploymentScanner,flavor=URL
15:39:47,734 DEBUG [ServiceController] recording that jboss.deployment:type=DeploymentScanner,flavor=URL depends on jboss.system:service=MainDeployer
15:39:47,734 DEBUG [ServiceConfigurator] considering Deployer with object name jboss.system:service=MainDeployer
15:39:47,750 DEBUG [ServiceConfigurator] URLComparator set to org.jboss.deployment.DeploymentSorter in jboss.deployment:type=DeploymentScanner,flavor=URL
15:39:47,750 DEBUG [ServiceConfigurator] FilterInstance set to org.jboss.deployment.scanner.DeploymentFilter@1c4f0f8 in jboss.deployment:type=DeploymentScanner,flavor=URL
15:39:47,750 DEBUG [ServiceConfigurator] ScanPeriod set to 5000 in jboss.deployment:type=DeploymentScanner,flavor=URL
15:39:47,750 DEBUG [ServiceConfigurator] ScanEnabled set to true in jboss.deployment:type=DeploymentScanner,flavor=URL
15:39:47,750 DEBUG [ServiceConfigurator] URLs set to deploy/ in jboss.deployment:type=DeploymentScanner,flavor=URL
15:39:47,750 DEBUG [URLDeploymentScanner] Adding URL from spec: deploy/
15:39:47,750 DEBUG [URLDeploymentScanner] URL: file:/C:/mywms/jboss-4.2.3.GA/server/default/deploy/
15:39:47,750 DEBUG [URLDeploymentScanner] Added url: file:/C:/mywms/jboss-4.2.3.GA/server/default/deploy/
15:39:47,750 DEBUG [URLDeploymentScanner] URL list: [file:/C:/mywms/jboss-4.2.3.GA/server/default/deploy/]
15:39:47,750 DEBUG [ServiceConfigurator] RecursiveSearch set to true in jboss.deployment:type=DeploymentScanner,flavor=URL
15:39:47,750 DEBUG [ServiceController] Creating service jboss.management.local:j2eeType=J2EEDomain,name=Manager
15:39:47,750 DEBUG [LocalJBossServerDomain] Creating jboss.management.local:j2eeType=J2EEDomain,name=Manager
15:39:47,750 DEBUG [LocalJBossServerDomain] setupJ2EEMBeans(), create J2EEServer instance
15:39:47,750 DEBUG [J2EEDomain] ctor, name: jboss.management.local:name=jboss.management.local,j2eeType=J2EEDomain
15:39:47,750 DEBUG [J2EEDomain] postRegister(), parent: null
15:39:47,750 DEBUG [J2EEServer] postRegister(), parent: jboss.management.local:j2eeType=J2EEDomain,name=jboss.management.local
15:39:47,765 DEBUG [JVM] postRegister(), parent: jboss.management.local:j2eeType=J2EEServer,name=Local
15:39:47,765 DEBUG [LocalJBossServerDomain] Registered as listener of: jboss.system:service=ServiceController
15:39:47,781 DEBUG [LocalJBossServerDomain] Registering with all deployers, mainDeployer=jboss.system:service=MainDeployer
15:39:47,781 DEBUG [LocalJBossServerDomain] Getting current deployers
15:39:47,781 DEBUG [LocalJBossServerDomain] Registering as listener of deployer: jboss.system:service=ServiceDeployer
15:39:47,781 DEBUG [LocalJBossServerDomain] Registering as listener of deployer: jboss.system:service=JARDeployer
15:39:47,781 DEBUG [LocalJBossServerDomain] Created jboss.management.local:j2eeType=J2EEDomain,name=Manager
15:39:47,781 DEBUG [LocalJBossServerDomain] handleNotification: javax.management.Notification[source=jboss.system:service=ServiceController][type=org.jboss.system.ServiceMBean.create][message=]
15:39:47,781 DEBUG [DefaultManagedObjectFactoryMap] Failed to find factory for event: javax.management.Notification[source=jboss.system:service=ServiceController][type=org.jboss.system.ServiceMBean.create][message=]
15:39:47,781 DEBUG [ServiceController] Creating dependent components for: jboss.management.local:j2eeType=J2EEDomain,name=Manager dependents are: []
15:39:47,781 DEBUG [ServiceController] Creating service jboss:service=AttributePersistenceService
15:39:47,781 DEBUG [AttributePersistenceService] Creating jboss:service=AttributePersistenceService
15:39:47,781 DEBUG [AttributePersistenceService] Created jboss:service=AttributePersistenceService
15:39:47,781 DEBUG [LocalJBossServerDomain] handleNotification: javax.management.Notification[source=jboss.system:service=ServiceController][type=org.jboss.system.ServiceMBean.create][message=]
15:39:47,781 DEBUG [DefaultManagedObjectFactoryMap] Failed to find factory for event: javax.management.Notification[source=jboss.system:service=ServiceController][type=org.jboss.system.ServiceMBean.create][message=]
15:39:47,781 DEBUG [ServiceController] Creating dependent components for: jboss:service=AttributePersistenceService dependents are: []
15:39:47,781 DEBUG [ServiceController] Creating service jboss.system:service=ThreadPool
15:39:47,781 DEBUG [LocalJBossServerDomain] handleNotification: javax.management.Notification[source=jboss.system:service=ServiceController][type=org.jboss.system.ServiceMBean.create][message=]
15:39:47,781 DEBUG [DefaultManagedObjectFactoryMap] Failed to find factory for event: javax.management.Notification[source=jboss.system:service=ServiceController][type=org.jboss.system.ServiceMBean.create][message=]
15:39:47,781 DEBUG [ServiceController] Creating dependent components for: jboss.system:service=ThreadPool dependents are: [ObjectName: jboss:service=WebService
  State: CONFIGURED
  I Depend On:
    jboss.system:service=ThreadPool
, ObjectName: jboss:service=Naming
  State: CONFIGURED
  I Depend On:
    jboss.system:service=ThreadPool
    jboss:service=NamingBeanImpl
]
15:39:47,781 DEBUG [ServiceController] Creating service jboss:service=WebService
15:39:47,781 DEBUG [WebService] Creating jboss:service=WebService
15:39:47,781 INFO  [WebService] Using RMI server codebase: http://127.0.0.1:8083/
15:39:47,781 DEBUG [WebService] Created jboss:service=WebService
15:39:47,781 DEBUG [LocalJBossServerDomain] handleNotification: javax.management.Notification[source=jboss.system:service=ServiceController][type=org.jboss.system.ServiceMBean.create][message=]
15:39:47,781 DEBUG [DefaultManagedObjectFactoryMap] Failed to find factory for event: javax.management.Notification[source=jboss.system:service=ServiceController][type=org.jboss.system.ServiceMBean.create][message=]
15:39:47,781 DEBUG [ServiceController] Creating dependent components for: jboss:service=WebService dependents are: []
15:39:47,781 DEBUG [ServiceController] Creating service jboss:service=Naming
15:39:47,781 DEBUG [ServiceController] waiting in create of jboss:service=Naming waiting on jboss:service=NamingBeanImpl
15:39:47,781 DEBUG [ServiceController] Creating service jboss.system:type=Log4jService,service=Logging
15:39:47,781 DEBUG [Log4jService] Creating jboss.system:type=Log4jService,service=Logging
15:39:47,781 INFO  [Log4jService$URLWatchTimerTask] Configuring from URL: resource:jboss-log4j.xml
